Analysis & Synthesis report for DE1_SoC
Sun Jan 16 04:56:47 2022
Quartus Prime Version 17.0.0 Build 595 04/25/2017 SJ Lite Edition


---------------------
; Table of Contents ;
---------------------
  1. Legal Notice
  2. Analysis & Synthesis Summary
  3. Analysis & Synthesis Settings
  4. Parallel Compilation
  5. Analysis & Synthesis Source Files Read
  6. Analysis & Synthesis Resource Usage Summary
  7. Analysis & Synthesis Resource Utilization by Entity
  8. Registers Removed During Synthesis
  9. General Register Statistics
 10. Multiplexer Restructuring Statistics (Restructuring Performed)
 11. Post-Synthesis Netlist Statistics for Top Partition
 12. Elapsed Time Per Partition
 13. Analysis & Synthesis Messages
 14. Analysis & Synthesis Suppressed Messages



----------------
; Legal Notice ;
----------------
Copyright (C) 2017  Intel Corporation. All rights reserved.
Your use of Intel Corporation's design tools, logic functions 
and other software and tools, and its AMPP partner logic 
functions, and any output files from any of the foregoing 
(including device programming or simulation files), and any 
associated documentation or information are expressly subject 
to the terms and conditions of the Intel Program License 
Subscription Agreement, the Intel Quartus Prime License Agreement,
the Intel MegaCore Function License Agreement, or other 
applicable license agreement, including, without limitation, 
that your use is for the sole purpose of programming logic 
devices manufactured by Intel and sold by Intel or its 
authorized distributors.  Please refer to the applicable 
agreement for further details.



+-------------------------------------------------------------------------------+
; Analysis & Synthesis Summary                                                  ;
+---------------------------------+---------------------------------------------+
; Analysis & Synthesis Status     ; Successful - Sun Jan 16 04:56:47 2022       ;
; Quartus Prime Version           ; 17.0.0 Build 595 04/25/2017 SJ Lite Edition ;
; Revision Name                   ; DE1_SoC                                     ;
; Top-level Entity Name           ; DE1_SoC                                     ;
; Family                          ; Cyclone V                                   ;
; Logic utilization (in ALMs)     ; N/A                                         ;
; Total registers                 ; 10                                          ;
; Total pins                      ; 77                                          ;
; Total virtual pins              ; 0                                           ;
; Total block memory bits         ; 0                                           ;
; Total DSP Blocks                ; 0                                           ;
; Total HSSI RX PCSs              ; 0                                           ;
; Total HSSI PMA RX Deserializers ; 0                                           ;
; Total HSSI TX PCSs              ; 0                                           ;
; Total HSSI PMA TX Serializers   ; 0                                           ;
; Total PLLs                      ; 0                                           ;
; Total DLLs                      ; 0                                           ;
+---------------------------------+---------------------------------------------+


+---------------------------------------------------------------------------------------------------------------------------+
; Analysis & Synthesis Settings                                                                                             ;
+---------------------------------------------------------------------------------+--------------------+--------------------+
; Option                                                                          ; Setting            ; Default Value      ;
+---------------------------------------------------------------------------------+--------------------+--------------------+
; Device                                                                          ; 5CSEMA5F31C6       ;                    ;
; Top-level entity name                                                           ; DE1_SoC            ; DE1_SoC            ;
; Family name                                                                     ; Cyclone V          ; Cyclone V          ;
; State Machine Processing                                                        ; User-Encoded       ; Auto               ;
; Use smart compilation                                                           ; Off                ; Off                ;
; Enable parallel Assembler and TimeQuest Timing Analyzer during compilation      ; On                 ; On                 ;
; Enable compact report table                                                     ; Off                ; Off                ;
; Restructure Multiplexers                                                        ; Auto               ; Auto               ;
; MLAB Add Timing Constraints For Mixed-Port Feed-Through Mode Setting Don't Care ; Off                ; Off                ;
; Create Debugging Nodes for IP Cores                                             ; Off                ; Off                ;
; Preserve fewer node names                                                       ; On                 ; On                 ;
; OpenCore Plus hardware evaluation                                               ; Enable             ; Enable             ;
; Verilog Version                                                                 ; Verilog_2001       ; Verilog_2001       ;
; VHDL Version                                                                    ; VHDL_1993          ; VHDL_1993          ;
; Safe State Machine                                                              ; Off                ; Off                ;
; Extract Verilog State Machines                                                  ; On                 ; On                 ;
; Extract VHDL State Machines                                                     ; On                 ; On                 ;
; Ignore Verilog initial constructs                                               ; Off                ; Off                ;
; Iteration limit for constant Verilog loops                                      ; 5000               ; 5000               ;
; Iteration limit for non-constant Verilog loops                                  ; 250                ; 250                ;
; Add Pass-Through Logic to Inferred RAMs                                         ; On                 ; On                 ;
; Infer RAMs from Raw Logic                                                       ; On                 ; On                 ;
; Parallel Synthesis                                                              ; On                 ; On                 ;
; DSP Block Balancing                                                             ; Auto               ; Auto               ;
; NOT Gate Push-Back                                                              ; On                 ; On                 ;
; Power-Up Don't Care                                                             ; On                 ; On                 ;
; Remove Redundant Logic Cells                                                    ; Off                ; Off                ;
; Remove Duplicate Registers                                                      ; On                 ; On                 ;
; Ignore CARRY Buffers                                                            ; Off                ; Off                ;
; Ignore CASCADE Buffers                                                          ; Off                ; Off                ;
; Ignore GLOBAL Buffers                                                           ; Off                ; Off                ;
; Ignore ROW GLOBAL Buffers                                                       ; Off                ; Off                ;
; Ignore LCELL Buffers                                                            ; Off                ; Off                ;
; Ignore SOFT Buffers                                                             ; On                 ; On                 ;
; Limit AHDL Integers to 32 Bits                                                  ; Off                ; Off                ;
; Optimization Technique                                                          ; Balanced           ; Balanced           ;
; Carry Chain Length                                                              ; 70                 ; 70                 ;
; Auto Carry Chains                                                               ; On                 ; On                 ;
; Auto Open-Drain Pins                                                            ; On                 ; On                 ;
; Perform WYSIWYG Primitive Resynthesis                                           ; Off                ; Off                ;
; Auto ROM Replacement                                                            ; On                 ; On                 ;
; Auto RAM Replacement                                                            ; On                 ; On                 ;
; Auto DSP Block Replacement                                                      ; On                 ; On                 ;
; Auto Shift Register Replacement                                                 ; Auto               ; Auto               ;
; Allow Shift Register Merging across Hierarchies                                 ; Auto               ; Auto               ;
; Auto Clock Enable Replacement                                                   ; On                 ; On                 ;
; Strict RAM Replacement                                                          ; Off                ; Off                ;
; Allow Synchronous Control Signals                                               ; On                 ; On                 ;
; Force Use of Synchronous Clear Signals                                          ; Off                ; Off                ;
; Auto Resource Sharing                                                           ; Off                ; Off                ;
; Allow Any RAM Size For Recognition                                              ; Off                ; Off                ;
; Allow Any ROM Size For Recognition                                              ; Off                ; Off                ;
; Allow Any Shift Register Size For Recognition                                   ; Off                ; Off                ;
; Use LogicLock Constraints during Resource Balancing                             ; On                 ; On                 ;
; Ignore translate_off and synthesis_off directives                               ; Off                ; Off                ;
; Timing-Driven Synthesis                                                         ; On                 ; On                 ;
; Report Parameter Settings                                                       ; On                 ; On                 ;
; Report Source Assignments                                                       ; On                 ; On                 ;
; Report Connectivity Checks                                                      ; On                 ; On                 ;
; Ignore Maximum Fan-Out Assignments                                              ; Off                ; Off                ;
; Synchronization Register Chain Length                                           ; 3                  ; 3                  ;
; PowerPlay Power Optimization During Synthesis                                   ; Normal compilation ; Normal compilation ;
; HDL message level                                                               ; Level2             ; Level2             ;
; Suppress Register Optimization Related Messages                                 ; Off                ; Off                ;
; Number of Removed Registers Reported in Synthesis Report                        ; 5000               ; 5000               ;
; Number of Swept Nodes Reported in Synthesis Report                              ; 5000               ; 5000               ;
; Number of Inverted Registers Reported in Synthesis Report                       ; 100                ; 100                ;
; Clock MUX Protection                                                            ; On                 ; On                 ;
; Auto Gated Clock Conversion                                                     ; Off                ; Off                ;
; Block Design Naming                                                             ; Auto               ; Auto               ;
; SDC constraint protection                                                       ; Off                ; Off                ;
; Synthesis Effort                                                                ; Auto               ; Auto               ;
; Shift Register Replacement - Allow Asynchronous Clear Signal                    ; On                 ; On                 ;
; Pre-Mapping Resynthesis Optimization                                            ; Off                ; Off                ;
; Analysis & Synthesis Message Level                                              ; Medium             ; Medium             ;
; Disable Register Merging Across Hierarchies                                     ; Auto               ; Auto               ;
; Resource Aware Inference For Block RAM                                          ; On                 ; On                 ;
; Automatic Parallel Synthesis                                                    ; On                 ; On                 ;
; Partial Reconfiguration Bitstream ID                                            ; Off                ; Off                ;
+---------------------------------------------------------------------------------+--------------------+--------------------+


+------------------------------------------+
; Parallel Compilation                     ;
+----------------------------+-------------+
; Processors                 ; Number      ;
+----------------------------+-------------+
; Number detected on machine ; 8           ;
; Maximum allowed            ; 4           ;
;                            ;             ;
; Average used               ; 1.00        ;
; Maximum used               ; 4           ;
;                            ;             ;
; Usage by Processor         ; % Time Used ;
;     Processor 1            ; 100.0%      ;
;     Processors 2-4         ;   0.0%      ;
+----------------------------+-------------+


+-----------------------------------------------------------------------------------------------------------------------------------------------------------------------------------------------+
; Analysis & Synthesis Source Files Read                                                                                                                                                        ;
+----------------------------------+-----------------+------------------------------+-------------------------------------------------------------------------------------------------+---------+
; File Name with User-Entered Path ; Used in Netlist ; File Type                    ; File Name with Absolute Path                                                                    ; Library ;
+----------------------------------+-----------------+------------------------------+-------------------------------------------------------------------------------------------------+---------+
; gatekeeper.sv                    ; yes             ; User SystemVerilog HDL File  ; C:/Users/suhey/OneDrive/Desktop/College Knowledge/2022 WI/EE 371/Labs/Lab1/gatekeeper.sv        ;         ;
; occupancy_counter.sv             ; yes             ; User SystemVerilog HDL File  ; C:/Users/suhey/OneDrive/Desktop/College Knowledge/2022 WI/EE 371/Labs/Lab1/occupancy_counter.sv ;         ;
; DE1_SoC.sv                       ; yes             ; User SystemVerilog HDL File  ; C:/Users/suhey/OneDrive/Desktop/College Knowledge/2022 WI/EE 371/Labs/Lab1/DE1_SoC.sv           ;         ;
+----------------------------------+-----------------+------------------------------+-------------------------------------------------------------------------------------------------+---------+


+----------------------------------------------------------------------------------------+
; Analysis & Synthesis Resource Usage Summary                                            ;
+---------------------------------------------+------------------------------------------+
; Resource                                    ; Usage                                    ;
+---------------------------------------------+------------------------------------------+
; Estimate of Logic utilization (ALMs needed) ; 23                                       ;
;                                             ;                                          ;
; Combinational ALUT usage for logic          ; 28                                       ;
;     -- 7 input functions                    ; 0                                        ;
;     -- 6 input functions                    ; 17                                       ;
;     -- 5 input functions                    ; 3                                        ;
;     -- 4 input functions                    ; 1                                        ;
;     -- <=3 input functions                  ; 7                                        ;
;                                             ;                                          ;
; Dedicated logic registers                   ; 10                                       ;
;                                             ;                                          ;
; I/O pins                                    ; 77                                       ;
;                                             ;                                          ;
; Total DSP Blocks                            ; 0                                        ;
;                                             ;                                          ;
; Maximum fan-out node                        ; occupancy_counter:oc|current_capacity[5] ;
; Maximum fan-out                             ; 16                                       ;
; Total fan-out                               ; 323                                      ;
; Average fan-out                             ; 1.43                                     ;
+---------------------------------------------+------------------------------------------+


+--------------------------------------------------------------------------------------------------------------------------------------------------------------------------------------------------------+
; Analysis & Synthesis Resource Utilization by Entity                                                                                                                                                    ;
+----------------------------+---------------------+---------------------------+-------------------+------------+------+--------------+-------------------------------+-------------------+--------------+
; Compilation Hierarchy Node ; Combinational ALUTs ; Dedicated Logic Registers ; Block Memory Bits ; DSP Blocks ; Pins ; Virtual Pins ; Full Hierarchy Name           ; Entity Name       ; Library Name ;
+----------------------------+---------------------+---------------------------+-------------------+------------+------+--------------+-------------------------------+-------------------+--------------+
; |DE1_SoC                   ; 28 (14)             ; 10 (0)                    ; 0                 ; 0          ; 77   ; 0            ; |DE1_SoC                      ; DE1_SoC           ; work         ;
;    |gatekeeper:gk|         ; 4 (4)               ; 4 (4)                     ; 0                 ; 0          ; 0    ; 0            ; |DE1_SoC|gatekeeper:gk        ; gatekeeper        ; work         ;
;    |occupancy_counter:oc|  ; 10 (10)             ; 6 (6)                     ; 0                 ; 0          ; 0    ; 0            ; |DE1_SoC|occupancy_counter:oc ; occupancy_counter ; work         ;
+----------------------------+---------------------+---------------------------+-------------------+------------+------+--------------+-------------------------------+-------------------+--------------+
Note: For table entries with two numbers listed, the numbers in parentheses indicate the number of resources of the given type used by the specific entity alone. The numbers listed outside of parentheses indicate the total resources of the given type used by the specific entity and all of its sub-entities in the hierarchy.


+---------------------------------------------------------------------------------+
; Registers Removed During Synthesis                                              ;
+----------------------------------------+----------------------------------------+
; Register name                          ; Reason for Removal                     ;
+----------------------------------------+----------------------------------------+
; gatekeeper:gk|ps[4..31]                ; Stuck at GND due to stuck port data_in ;
; Total Number of Removed Registers = 28 ;                                        ;
+----------------------------------------+----------------------------------------+


+------------------------------------------------------+
; General Register Statistics                          ;
+----------------------------------------------+-------+
; Statistic                                    ; Value ;
+----------------------------------------------+-------+
; Total registers                              ; 10    ;
; Number of registers using Synchronous Clear  ; 10    ;
; Number of registers using Synchronous Load   ; 0     ;
; Number of registers using Asynchronous Clear ; 0     ;
; Number of registers using Asynchronous Load  ; 0     ;
; Number of registers using Clock Enable       ; 6     ;
; Number of registers using Preset             ; 0     ;
+----------------------------------------------+-------+


+-----------------------------------------------------------------------------------------------------------------------------------------------------------------+
; Multiplexer Restructuring Statistics (Restructuring Performed)                                                                                                  ;
+--------------------+-----------+---------------+----------------------+------------------------+------------+---------------------------------------------------+
; Multiplexer Inputs ; Bus Width ; Baseline Area ; Area if Restructured ; Saving if Restructured ; Registered ; Example Multiplexer Output                        ;
+--------------------+-----------+---------------+----------------------+------------------------+------------+---------------------------------------------------+
; 3:1                ; 6 bits    ; 12 LEs        ; 6 LEs                ; 6 LEs                  ; Yes        ; |DE1_SoC|occupancy_counter:oc|current_capacity[0] ;
+--------------------+-----------+---------------+----------------------+------------------------+------------+---------------------------------------------------+


+-----------------------------------------------------+
; Post-Synthesis Netlist Statistics for Top Partition ;
+-----------------------+-----------------------------+
; Type                  ; Count                       ;
+-----------------------+-----------------------------+
; arriav_ff             ; 10                          ;
;     ENA SCLR          ; 6                           ;
;     SCLR              ; 4                           ;
; arriav_io_obuf        ; 34                          ;
; arriav_lcell_comb     ; 35                          ;
;     arith             ; 6                           ;
;         1 data inputs ; 1                           ;
;         2 data inputs ; 5                           ;
;     normal            ; 29                          ;
;         0 data inputs ; 1                           ;
;         1 data inputs ; 6                           ;
;         2 data inputs ; 1                           ;
;         4 data inputs ; 1                           ;
;         5 data inputs ; 3                           ;
;         6 data inputs ; 17                          ;
; boundary_port         ; 77                          ;
;                       ;                             ;
; Max LUT depth         ; 3.40                        ;
; Average LUT depth     ; 1.40                        ;
+-----------------------+-----------------------------+


+-------------------------------+
; Elapsed Time Per Partition    ;
+----------------+--------------+
; Partition Name ; Elapsed Time ;
+----------------+--------------+
; Top            ; 00:00:01     ;
+----------------+--------------+


+-------------------------------+
; Analysis & Synthesis Messages ;
+-------------------------------+
Info: *******************************************************************
Info: Running Quartus Prime Analysis & Synthesis
    Info: Version 17.0.0 Build 595 04/25/2017 SJ Lite Edition
    Info: Processing started: Sun Jan 16 04:56:20 2022
Info: Command: quartus_map --read_settings_files=on --write_settings_files=off DE1_SoC -c DE1_SoC
Warning (18236): Number of processors has not been specified which may cause overloading on shared machines.  Set the global assignment NUM_PARALLEL_PROCESSORS in your QSF to an appropriate value for best performance.
Info (20030): Parallel compilation is enabled and will use 4 of the 4 processors detected
Info (12021): Found 2 design units, including 2 entities, in source file gatekeeper.sv
    Info (12023): Found entity 1: gatekeeper File: C:/Users/suhey/OneDrive/Desktop/College Knowledge/2022 WI/EE 371/Labs/Lab1/gatekeeper.sv Line: 1
    Info (12023): Found entity 2: gatekeeper_testbench File: C:/Users/suhey/OneDrive/Desktop/College Knowledge/2022 WI/EE 371/Labs/Lab1/gatekeeper.sv Line: 54
Info (12021): Found 2 design units, including 2 entities, in source file occupancy_counter.sv
    Info (12023): Found entity 1: occupancy_counter File: C:/Users/suhey/OneDrive/Desktop/College Knowledge/2022 WI/EE 371/Labs/Lab1/occupancy_counter.sv Line: 1
    Info (12023): Found entity 2: occupancy_counter_testbench File: C:/Users/suhey/OneDrive/Desktop/College Knowledge/2022 WI/EE 371/Labs/Lab1/occupancy_counter.sv Line: 16
Info (12021): Found 2 design units, including 2 entities, in source file de1_soc.sv
    Info (12023): Found entity 1: DE1_SoC File: C:/Users/suhey/OneDrive/Desktop/College Knowledge/2022 WI/EE 371/Labs/Lab1/DE1_SoC.sv Line: 1
    Info (12023): Found entity 2: DE1_SoC_testbench File: C:/Users/suhey/OneDrive/Desktop/College Knowledge/2022 WI/EE 371/Labs/Lab1/DE1_SoC.sv Line: 246
Info (12127): Elaborating entity "DE1_SoC" for the top level hierarchy
Warning (10665): Bidirectional port "GPIO_0[7]" at DE1_SoC.sv(4) has a one-way connection to bidirectional port "GPIO_0[27]" File: C:/Users/suhey/OneDrive/Desktop/College Knowledge/2022 WI/EE 371/Labs/Lab1/DE1_SoC.sv Line: 4
Warning (10665): Bidirectional port "GPIO_0[6]" at DE1_SoC.sv(4) has a one-way connection to bidirectional port "GPIO_0[26]" File: C:/Users/suhey/OneDrive/Desktop/College Knowledge/2022 WI/EE 371/Labs/Lab1/DE1_SoC.sv Line: 4
Info (12128): Elaborating entity "gatekeeper" for hierarchy "gatekeeper:gk" File: C:/Users/suhey/OneDrive/Desktop/College Knowledge/2022 WI/EE 371/Labs/Lab1/DE1_SoC.sv Line: 18
Info (12128): Elaborating entity "occupancy_counter" for hierarchy "occupancy_counter:oc" File: C:/Users/suhey/OneDrive/Desktop/College Knowledge/2022 WI/EE 371/Labs/Lab1/DE1_SoC.sv Line: 19
Warning (13039): The following bidirectional pins have no drivers
    Warning (13040): bidirectional pin "GPIO_0[6]" has no driver File: C:/Users/suhey/OneDrive/Desktop/College Knowledge/2022 WI/EE 371/Labs/Lab1/DE1_SoC.sv Line: 4
    Warning (13040): bidirectional pin "GPIO_0[7]" has no driver File: C:/Users/suhey/OneDrive/Desktop/College Knowledge/2022 WI/EE 371/Labs/Lab1/DE1_SoC.sv Line: 4
    Warning (13040): bidirectional pin "GPIO_0[8]" has no driver File: C:/Users/suhey/OneDrive/Desktop/College Knowledge/2022 WI/EE 371/Labs/Lab1/DE1_SoC.sv Line: 4
    Warning (13040): bidirectional pin "GPIO_0[0]" has no driver File: C:/Users/suhey/OneDrive/Desktop/College Knowledge/2022 WI/EE 371/Labs/Lab1/DE1_SoC.sv Line: 4
    Warning (13040): bidirectional pin "GPIO_0[1]" has no driver File: C:/Users/suhey/OneDrive/Desktop/College Knowledge/2022 WI/EE 371/Labs/Lab1/DE1_SoC.sv Line: 4
    Warning (13040): bidirectional pin "GPIO_0[2]" has no driver File: C:/Users/suhey/OneDrive/Desktop/College Knowledge/2022 WI/EE 371/Labs/Lab1/DE1_SoC.sv Line: 4
    Warning (13040): bidirectional pin "GPIO_0[3]" has no driver File: C:/Users/suhey/OneDrive/Desktop/College Knowledge/2022 WI/EE 371/Labs/Lab1/DE1_SoC.sv Line: 4
    Warning (13040): bidirectional pin "GPIO_0[4]" has no driver File: C:/Users/suhey/OneDrive/Desktop/College Knowledge/2022 WI/EE 371/Labs/Lab1/DE1_SoC.sv Line: 4
    Warning (13040): bidirectional pin "GPIO_0[5]" has no driver File: C:/Users/suhey/OneDrive/Desktop/College Knowledge/2022 WI/EE 371/Labs/Lab1/DE1_SoC.sv Line: 4
    Warning (13040): bidirectional pin "GPIO_0[9]" has no driver File: C:/Users/suhey/OneDrive/Desktop/College Knowledge/2022 WI/EE 371/Labs/Lab1/DE1_SoC.sv Line: 4
    Warning (13040): bidirectional pin "GPIO_0[10]" has no driver File: C:/Users/suhey/OneDrive/Desktop/College Knowledge/2022 WI/EE 371/Labs/Lab1/DE1_SoC.sv Line: 4
    Warning (13040): bidirectional pin "GPIO_0[11]" has no driver File: C:/Users/suhey/OneDrive/Desktop/College Knowledge/2022 WI/EE 371/Labs/Lab1/DE1_SoC.sv Line: 4
    Warning (13040): bidirectional pin "GPIO_0[12]" has no driver File: C:/Users/suhey/OneDrive/Desktop/College Knowledge/2022 WI/EE 371/Labs/Lab1/DE1_SoC.sv Line: 4
    Warning (13040): bidirectional pin "GPIO_0[13]" has no driver File: C:/Users/suhey/OneDrive/Desktop/College Knowledge/2022 WI/EE 371/Labs/Lab1/DE1_SoC.sv Line: 4
    Warning (13040): bidirectional pin "GPIO_0[14]" has no driver File: C:/Users/suhey/OneDrive/Desktop/College Knowledge/2022 WI/EE 371/Labs/Lab1/DE1_SoC.sv Line: 4
    Warning (13040): bidirectional pin "GPIO_0[15]" has no driver File: C:/Users/suhey/OneDrive/Desktop/College Knowledge/2022 WI/EE 371/Labs/Lab1/DE1_SoC.sv Line: 4
    Warning (13040): bidirectional pin "GPIO_0[16]" has no driver File: C:/Users/suhey/OneDrive/Desktop/College Knowledge/2022 WI/EE 371/Labs/Lab1/DE1_SoC.sv Line: 4
    Warning (13040): bidirectional pin "GPIO_0[17]" has no driver File: C:/Users/suhey/OneDrive/Desktop/College Knowledge/2022 WI/EE 371/Labs/Lab1/DE1_SoC.sv Line: 4
    Warning (13040): bidirectional pin "GPIO_0[18]" has no driver File: C:/Users/suhey/OneDrive/Desktop/College Knowledge/2022 WI/EE 371/Labs/Lab1/DE1_SoC.sv Line: 4
    Warning (13040): bidirectional pin "GPIO_0[19]" has no driver File: C:/Users/suhey/OneDrive/Desktop/College Knowledge/2022 WI/EE 371/Labs/Lab1/DE1_SoC.sv Line: 4
    Warning (13040): bidirectional pin "GPIO_0[20]" has no driver File: C:/Users/suhey/OneDrive/Desktop/College Knowledge/2022 WI/EE 371/Labs/Lab1/DE1_SoC.sv Line: 4
    Warning (13040): bidirectional pin "GPIO_0[21]" has no driver File: C:/Users/suhey/OneDrive/Desktop/College Knowledge/2022 WI/EE 371/Labs/Lab1/DE1_SoC.sv Line: 4
    Warning (13040): bidirectional pin "GPIO_0[22]" has no driver File: C:/Users/suhey/OneDrive/Desktop/College Knowledge/2022 WI/EE 371/Labs/Lab1/DE1_SoC.sv Line: 4
    Warning (13040): bidirectional pin "GPIO_0[23]" has no driver File: C:/Users/suhey/OneDrive/Desktop/College Knowledge/2022 WI/EE 371/Labs/Lab1/DE1_SoC.sv Line: 4
    Warning (13040): bidirectional pin "GPIO_0[24]" has no driver File: C:/Users/suhey/OneDrive/Desktop/College Knowledge/2022 WI/EE 371/Labs/Lab1/DE1_SoC.sv Line: 4
    Warning (13040): bidirectional pin "GPIO_0[25]" has no driver File: C:/Users/suhey/OneDrive/Desktop/College Knowledge/2022 WI/EE 371/Labs/Lab1/DE1_SoC.sv Line: 4
    Warning (13040): bidirectional pin "GPIO_0[28]" has no driver File: C:/Users/suhey/OneDrive/Desktop/College Knowledge/2022 WI/EE 371/Labs/Lab1/DE1_SoC.sv Line: 4
    Warning (13040): bidirectional pin "GPIO_0[29]" has no driver File: C:/Users/suhey/OneDrive/Desktop/College Knowledge/2022 WI/EE 371/Labs/Lab1/DE1_SoC.sv Line: 4
    Warning (13040): bidirectional pin "GPIO_0[30]" has no driver File: C:/Users/suhey/OneDrive/Desktop/College Knowledge/2022 WI/EE 371/Labs/Lab1/DE1_SoC.sv Line: 4
    Warning (13040): bidirectional pin "GPIO_0[31]" has no driver File: C:/Users/suhey/OneDrive/Desktop/College Knowledge/2022 WI/EE 371/Labs/Lab1/DE1_SoC.sv Line: 4
    Warning (13040): bidirectional pin "GPIO_0[32]" has no driver File: C:/Users/suhey/OneDrive/Desktop/College Knowledge/2022 WI/EE 371/Labs/Lab1/DE1_SoC.sv Line: 4
    Warning (13040): bidirectional pin "GPIO_0[33]" has no driver File: C:/Users/suhey/OneDrive/Desktop/College Knowledge/2022 WI/EE 371/Labs/Lab1/DE1_SoC.sv Line: 4
Warning (13009): TRI or OPNDRN buffers permanently enabled
    Warning (13010): Node "GPIO_0[26]~synth" File: C:/Users/suhey/OneDrive/Desktop/College Knowledge/2022 WI/EE 371/Labs/Lab1/DE1_SoC.sv Line: 4
    Warning (13010): Node "GPIO_0[27]~synth" File: C:/Users/suhey/OneDrive/Desktop/College Knowledge/2022 WI/EE 371/Labs/Lab1/DE1_SoC.sv Line: 4
Warning (13024): Output pins are stuck at VCC or GND
    Warning (13410): Pin "HEX1[5]" is stuck at VCC File: C:/Users/suhey/OneDrive/Desktop/College Knowledge/2022 WI/EE 371/Labs/Lab1/DE1_SoC.sv Line: 3
    Warning (13410): Pin "HEX3[1]" is stuck at VCC File: C:/Users/suhey/OneDrive/Desktop/College Knowledge/2022 WI/EE 371/Labs/Lab1/DE1_SoC.sv Line: 3
    Warning (13410): Pin "HEX3[2]" is stuck at VCC File: C:/Users/suhey/OneDrive/Desktop/College Knowledge/2022 WI/EE 371/Labs/Lab1/DE1_SoC.sv Line: 3
    Warning (13410): Pin "HEX4[0]" is stuck at VCC File: C:/Users/suhey/OneDrive/Desktop/College Knowledge/2022 WI/EE 371/Labs/Lab1/DE1_SoC.sv Line: 3
    Warning (13410): Pin "HEX4[6]" is stuck at VCC File: C:/Users/suhey/OneDrive/Desktop/College Knowledge/2022 WI/EE 371/Labs/Lab1/DE1_SoC.sv Line: 3
    Warning (13410): Pin "HEX5[1]" is stuck at VCC File: C:/Users/suhey/OneDrive/Desktop/College Knowledge/2022 WI/EE 371/Labs/Lab1/DE1_SoC.sv Line: 3
    Warning (13410): Pin "HEX5[2]" is stuck at VCC File: C:/Users/suhey/OneDrive/Desktop/College Knowledge/2022 WI/EE 371/Labs/Lab1/DE1_SoC.sv Line: 3
Info (286030): Timing-Driven Synthesis is running
Info (144001): Generated suppressed messages file C:/Users/suhey/OneDrive/Desktop/College Knowledge/2022 WI/EE 371/Labs/Lab1/output_files/DE1_SoC.map.smsg
Info (16010): Generating hard_block partition "hard_block:auto_generated_inst"
    Info (16011): Adding 0 node(s), including 0 DDIO, 0 PLL, 0 transceiver and 0 LCELL
Info (21057): Implemented 106 device resources after synthesis - the final resource count might be different
    Info (21058): Implemented 1 input pins
    Info (21059): Implemented 42 output pins
    Info (21060): Implemented 34 bidirectional pins
    Info (21061): Implemented 29 logic cells
Info: Quartus Prime Analysis & Synthesis was successful. 0 errors, 47 warnings
    Info: Peak virtual memory: 4828 megabytes
    Info: Processing ended: Sun Jan 16 04:56:47 2022
    Info: Elapsed time: 00:00:27
    Info: Total CPU time (on all processors): 00:00:55


+------------------------------------------+
; Analysis & Synthesis Suppressed Messages ;
+------------------------------------------+
The suppressed messages can be found in C:/Users/suhey/OneDrive/Desktop/College Knowledge/2022 WI/EE 371/Labs/Lab1/output_files/DE1_SoC.map.smsg.


