Analysis & Synthesis report for DE1_SoC
Sun Feb 27 02:59:40 2022
Quartus Prime Version 17.0.0 Build 595 04/25/2017 SJ Lite Edition


---------------------
; Table of Contents ;
---------------------
  1. Legal Notice
  2. Analysis & Synthesis Summary
  3. Analysis & Synthesis Settings
  4. Parallel Compilation
  5. Analysis & Synthesis Source Files Read
  6. Analysis & Synthesis Resource Usage Summary
  7. Analysis & Synthesis Resource Utilization by Entity
  8. Registers Removed During Synthesis
  9. Removed Registers Triggering Further Register Optimizations
 10. General Register Statistics
 11. Multiplexer Restructuring Statistics (Restructuring Performed)
 12. Parameter Settings for User Entity Instance: Top-level Entity: |DE1_SoC
 13. Parameter Settings for User Entity Instance: bit_counter:counter
 14. Post-Synthesis Netlist Statistics for Top Partition
 15. Elapsed Time Per Partition
 16. Analysis & Synthesis Messages
 17. Analysis & Synthesis Suppressed Messages



----------------
; Legal Notice ;
----------------
Copyright (C) 2017  Intel Corporation. All rights reserved.
Your use of Intel Corporation's design tools, logic functions 
and other software and tools, and its AMPP partner logic 
functions, and any output files from any of the foregoing 
(including device programming or simulation files), and any 
associated documentation or information are expressly subject 
to the terms and conditions of the Intel Program License 
Subscription Agreement, the Intel Quartus Prime License Agreement,
the Intel MegaCore Function License Agreement, or other 
applicable license agreement, including, without limitation, 
that your use is for the sole purpose of programming logic 
devices manufactured by Intel and sold by Intel or its 
authorized distributors.  Please refer to the applicable 
agreement for further details.



+-------------------------------------------------------------------------------+
; Analysis & Synthesis Summary                                                  ;
+---------------------------------+---------------------------------------------+
; Analysis & Synthesis Status     ; Successful - Sun Feb 27 02:59:40 2022       ;
; Quartus Prime Version           ; 17.0.0 Build 595 04/25/2017 SJ Lite Edition ;
; Revision Name                   ; DE1_SoC                                     ;
; Top-level Entity Name           ; DE1_SoC                                     ;
; Family                          ; Cyclone V                                   ;
; Logic utilization (in ALMs)     ; N/A                                         ;
; Total registers                 ; 16                                          ;
; Total pins                      ; 96                                          ;
; Total virtual pins              ; 0                                           ;
; Total block memory bits         ; 0                                           ;
; Total DSP Blocks                ; 0                                           ;
; Total HSSI RX PCSs              ; 0                                           ;
; Total HSSI PMA RX Deserializers ; 0                                           ;
; Total HSSI TX PCSs              ; 0                                           ;
; Total HSSI PMA TX Serializers   ; 0                                           ;
; Total PLLs                      ; 0                                           ;
; Total DLLs                      ; 0                                           ;
+---------------------------------+---------------------------------------------+


+---------------------------------------------------------------------------------------------------------------------------+
; Analysis & Synthesis Settings                                                                                             ;
+---------------------------------------------------------------------------------+--------------------+--------------------+
; Option                                                                          ; Setting            ; Default Value      ;
+---------------------------------------------------------------------------------+--------------------+--------------------+
; Device                                                                          ; 5CGXFC7C7F23C8     ;                    ;
; Top-level entity name                                                           ; DE1_SoC            ; DE1_SoC            ;
; Family name                                                                     ; Cyclone V          ; Cyclone V          ;
; Use smart compilation                                                           ; Off                ; Off                ;
; Enable parallel Assembler and TimeQuest Timing Analyzer during compilation      ; On                 ; On                 ;
; Enable compact report table                                                     ; Off                ; Off                ;
; Restructure Multiplexers                                                        ; Auto               ; Auto               ;
; MLAB Add Timing Constraints For Mixed-Port Feed-Through Mode Setting Don't Care ; Off                ; Off                ;
; Create Debugging Nodes for IP Cores                                             ; Off                ; Off                ;
; Preserve fewer node names                                                       ; On                 ; On                 ;
; OpenCore Plus hardware evaluation                                               ; Enable             ; Enable             ;
; Verilog Version                                                                 ; Verilog_2001       ; Verilog_2001       ;
; VHDL Version                                                                    ; VHDL_1993          ; VHDL_1993          ;
; State Machine Processing                                                        ; Auto               ; Auto               ;
; Safe State Machine                                                              ; Off                ; Off                ;
; Extract Verilog State Machines                                                  ; On                 ; On                 ;
; Extract VHDL State Machines                                                     ; On                 ; On                 ;
; Ignore Verilog initial constructs                                               ; Off                ; Off                ;
; Iteration limit for constant Verilog loops                                      ; 5000               ; 5000               ;
; Iteration limit for non-constant Verilog loops                                  ; 250                ; 250                ;
; Add Pass-Through Logic to Inferred RAMs                                         ; On                 ; On                 ;
; Infer RAMs from Raw Logic                                                       ; On                 ; On                 ;
; Parallel Synthesis                                                              ; On                 ; On                 ;
; DSP Block Balancing                                                             ; Auto               ; Auto               ;
; NOT Gate Push-Back                                                              ; On                 ; On                 ;
; Power-Up Don't Care                                                             ; On                 ; On                 ;
; Remove Redundant Logic Cells                                                    ; Off                ; Off                ;
; Remove Duplicate Registers                                                      ; On                 ; On                 ;
; Ignore CARRY Buffers                                                            ; Off                ; Off                ;
; Ignore CASCADE Buffers                                                          ; Off                ; Off                ;
; Ignore GLOBAL Buffers                                                           ; Off                ; Off                ;
; Ignore ROW GLOBAL Buffers                                                       ; Off                ; Off                ;
; Ignore LCELL Buffers                                                            ; Off                ; Off                ;
; Ignore SOFT Buffers                                                             ; On                 ; On                 ;
; Limit AHDL Integers to 32 Bits                                                  ; Off                ; Off                ;
; Optimization Technique                                                          ; Balanced           ; Balanced           ;
; Carry Chain Length                                                              ; 70                 ; 70                 ;
; Auto Carry Chains                                                               ; On                 ; On                 ;
; Auto Open-Drain Pins                                                            ; On                 ; On                 ;
; Perform WYSIWYG Primitive Resynthesis                                           ; Off                ; Off                ;
; Auto ROM Replacement                                                            ; On                 ; On                 ;
; Auto RAM Replacement                                                            ; On                 ; On                 ;
; Auto DSP Block Replacement                                                      ; On                 ; On                 ;
; Auto Shift Register Replacement                                                 ; Auto               ; Auto               ;
; Allow Shift Register Merging across Hierarchies                                 ; Auto               ; Auto               ;
; Auto Clock Enable Replacement                                                   ; On                 ; On                 ;
; Strict RAM Replacement                                                          ; Off                ; Off                ;
; Allow Synchronous Control Signals                                               ; On                 ; On                 ;
; Force Use of Synchronous Clear Signals                                          ; Off                ; Off                ;
; Auto Resource Sharing                                                           ; Off                ; Off                ;
; Allow Any RAM Size For Recognition                                              ; Off                ; Off                ;
; Allow Any ROM Size For Recognition                                              ; Off                ; Off                ;
; Allow Any Shift Register Size For Recognition                                   ; Off                ; Off                ;
; Use LogicLock Constraints during Resource Balancing                             ; On                 ; On                 ;
; Ignore translate_off and synthesis_off directives                               ; Off                ; Off                ;
; Timing-Driven Synthesis                                                         ; On                 ; On                 ;
; Report Parameter Settings                                                       ; On                 ; On                 ;
; Report Source Assignments                                                       ; On                 ; On                 ;
; Report Connectivity Checks                                                      ; On                 ; On                 ;
; Ignore Maximum Fan-Out Assignments                                              ; Off                ; Off                ;
; Synchronization Register Chain Length                                           ; 3                  ; 3                  ;
; PowerPlay Power Optimization During Synthesis                                   ; Normal compilation ; Normal compilation ;
; HDL message level                                                               ; Level2             ; Level2             ;
; Suppress Register Optimization Related Messages                                 ; Off                ; Off                ;
; Number of Removed Registers Reported in Synthesis Report                        ; 5000               ; 5000               ;
; Number of Swept Nodes Reported in Synthesis Report                              ; 5000               ; 5000               ;
; Number of Inverted Registers Reported in Synthesis Report                       ; 100                ; 100                ;
; Clock MUX Protection                                                            ; On                 ; On                 ;
; Auto Gated Clock Conversion                                                     ; Off                ; Off                ;
; Block Design Naming                                                             ; Auto               ; Auto               ;
; SDC constraint protection                                                       ; Off                ; Off                ;
; Synthesis Effort                                                                ; Auto               ; Auto               ;
; Shift Register Replacement - Allow Asynchronous Clear Signal                    ; On                 ; On                 ;
; Pre-Mapping Resynthesis Optimization                                            ; Off                ; Off                ;
; Analysis & Synthesis Message Level                                              ; Medium             ; Medium             ;
; Disable Register Merging Across Hierarchies                                     ; Auto               ; Auto               ;
; Resource Aware Inference For Block RAM                                          ; On                 ; On                 ;
; Automatic Parallel Synthesis                                                    ; On                 ; On                 ;
; Partial Reconfiguration Bitstream ID                                            ; Off                ; Off                ;
+---------------------------------------------------------------------------------+--------------------+--------------------+


+------------------------------------------+
; Parallel Compilation                     ;
+----------------------------+-------------+
; Processors                 ; Number      ;
+----------------------------+-------------+
; Number detected on machine ; 8           ;
; Maximum allowed            ; 4           ;
;                            ;             ;
; Average used               ; 1.00        ;
; Maximum used               ; 4           ;
;                            ;             ;
; Usage by Processor         ; % Time Used ;
;     Processor 1            ; 100.0%      ;
;     Processors 2-4         ;   0.0%      ;
+----------------------------+-------------+


+-----------------------------------------------------------------------------------------------------------------------------------------------------------------------------------------------+
; Analysis & Synthesis Source Files Read                                                                                                                                                        ;
+----------------------------------+-----------------+------------------------------+-------------------------------------------------------------------------------------------------+---------+
; File Name with User-Entered Path ; Used in Netlist ; File Type                    ; File Name with Absolute Path                                                                    ; Library ;
+----------------------------------+-----------------+------------------------------+-------------------------------------------------------------------------------------------------+---------+
; DE1_SoC.sv                       ; yes             ; User SystemVerilog HDL File  ; C:/Users/suhey/OneDrive/Desktop/College Knowledge/2022 WI/EE 371/Labs/Lab4/DE1_SoC.sv           ;         ;
; bit_counter.sv                   ; yes             ; User SystemVerilog HDL File  ; C:/Users/suhey/OneDrive/Desktop/College Knowledge/2022 WI/EE 371/Labs/Lab4/bit_counter.sv       ;         ;
; display_hex_value.sv             ; yes             ; User SystemVerilog HDL File  ; C:/Users/suhey/OneDrive/Desktop/College Knowledge/2022 WI/EE 371/Labs/Lab4/display_hex_value.sv ;         ;
+----------------------------------+-----------------+------------------------------+-------------------------------------------------------------------------------------------------+---------+


+-------------------------------------------------------------------------+
; Analysis & Synthesis Resource Usage Summary                             ;
+---------------------------------------------+---------------------------+
; Resource                                    ; Usage                     ;
+---------------------------------------------+---------------------------+
; Estimate of Logic utilization (ALMs needed) ; 19                        ;
;                                             ;                           ;
; Combinational ALUT usage for logic          ; 33                        ;
;     -- 7 input functions                    ; 0                         ;
;     -- 6 input functions                    ; 5                         ;
;     -- 5 input functions                    ; 2                         ;
;     -- 4 input functions                    ; 16                        ;
;     -- <=3 input functions                  ; 10                        ;
;                                             ;                           ;
; Dedicated logic registers                   ; 16                        ;
;                                             ;                           ;
; I/O pins                                    ; 96                        ;
;                                             ;                           ;
; Total DSP Blocks                            ; 0                         ;
;                                             ;                           ;
; Maximum fan-out node                        ; bit_counter:counter|ps[1] ;
; Maximum fan-out                             ; 19                        ;
; Total fan-out                               ; 272                       ;
; Average fan-out                             ; 1.13                      ;
+---------------------------------------------+---------------------------+


+-----------------------------------------------------------------------------------------------------------------------------------------------------------------------------------------------------------------------+
; Analysis & Synthesis Resource Utilization by Entity                                                                                                                                                                   ;
+-----------------------------------+---------------------+---------------------------+-------------------+------------+------+--------------+---------------------------------------+-------------------+--------------+
; Compilation Hierarchy Node        ; Combinational ALUTs ; Dedicated Logic Registers ; Block Memory Bits ; DSP Blocks ; Pins ; Virtual Pins ; Full Hierarchy Name                   ; Entity Name       ; Library Name ;
+-----------------------------------+---------------------+---------------------------+-------------------+------------+------+--------------+---------------------------------------+-------------------+--------------+
; |DE1_SoC                          ; 33 (0)              ; 16 (0)                    ; 0                 ; 0          ; 96   ; 0            ; |DE1_SoC                              ; DE1_SoC           ; work         ;
;    |bit_counter:counter|          ; 26 (26)             ; 16 (16)                   ; 0                 ; 0          ; 0    ; 0            ; |DE1_SoC|bit_counter:counter          ; bit_counter       ; work         ;
;    |display_hex_value:display_1s| ; 7 (7)               ; 0 (0)                     ; 0                 ; 0          ; 0    ; 0            ; |DE1_SoC|display_hex_value:display_1s ; display_hex_value ; work         ;
+-----------------------------------+---------------------+---------------------------+-------------------+------------+------+--------------+---------------------------------------+-------------------+--------------+
Note: For table entries with two numbers listed, the numbers in parentheses indicate the number of resources of the given type used by the specific entity alone. The numbers listed outside of parentheses indicate the total resources of the given type used by the specific entity and all of its sub-entities in the hierarchy.


+---------------------------------------------------------------------------------+
; Registers Removed During Synthesis                                              ;
+----------------------------------------+----------------------------------------+
; Register name                          ; Reason for Removal                     ;
+----------------------------------------+----------------------------------------+
; bit_counter:counter|ns[2..31]          ; Stuck at GND due to stuck port data_in ;
; bit_counter:counter|ps[2..31]          ; Stuck at GND due to stuck port data_in ;
; Total Number of Removed Registers = 60 ;                                        ;
+----------------------------------------+----------------------------------------+


+-------------------------------------------------------------------------------------------------+
; Removed Registers Triggering Further Register Optimizations                                     ;
+----------------------------+---------------------------+----------------------------------------+
; Register name              ; Reason for Removal        ; Registers Removed due to This Register ;
+----------------------------+---------------------------+----------------------------------------+
; bit_counter:counter|ns[2]  ; Stuck at GND              ; bit_counter:counter|ps[2]              ;
;                            ; due to stuck port data_in ;                                        ;
; bit_counter:counter|ns[3]  ; Stuck at GND              ; bit_counter:counter|ps[3]              ;
;                            ; due to stuck port data_in ;                                        ;
; bit_counter:counter|ns[4]  ; Stuck at GND              ; bit_counter:counter|ps[4]              ;
;                            ; due to stuck port data_in ;                                        ;
; bit_counter:counter|ns[5]  ; Stuck at GND              ; bit_counter:counter|ps[5]              ;
;                            ; due to stuck port data_in ;                                        ;
; bit_counter:counter|ns[6]  ; Stuck at GND              ; bit_counter:counter|ps[6]              ;
;                            ; due to stuck port data_in ;                                        ;
; bit_counter:counter|ns[7]  ; Stuck at GND              ; bit_counter:counter|ps[7]              ;
;                            ; due to stuck port data_in ;                                        ;
; bit_counter:counter|ns[8]  ; Stuck at GND              ; bit_counter:counter|ps[8]              ;
;                            ; due to stuck port data_in ;                                        ;
; bit_counter:counter|ns[9]  ; Stuck at GND              ; bit_counter:counter|ps[9]              ;
;                            ; due to stuck port data_in ;                                        ;
; bit_counter:counter|ns[10] ; Stuck at GND              ; bit_counter:counter|ps[10]             ;
;                            ; due to stuck port data_in ;                                        ;
; bit_counter:counter|ns[11] ; Stuck at GND              ; bit_counter:counter|ps[11]             ;
;                            ; due to stuck port data_in ;                                        ;
; bit_counter:counter|ns[12] ; Stuck at GND              ; bit_counter:counter|ps[12]             ;
;                            ; due to stuck port data_in ;                                        ;
; bit_counter:counter|ns[13] ; Stuck at GND              ; bit_counter:counter|ps[13]             ;
;                            ; due to stuck port data_in ;                                        ;
; bit_counter:counter|ns[14] ; Stuck at GND              ; bit_counter:counter|ps[14]             ;
;                            ; due to stuck port data_in ;                                        ;
; bit_counter:counter|ns[15] ; Stuck at GND              ; bit_counter:counter|ps[15]             ;
;                            ; due to stuck port data_in ;                                        ;
; bit_counter:counter|ns[16] ; Stuck at GND              ; bit_counter:counter|ps[16]             ;
;                            ; due to stuck port data_in ;                                        ;
; bit_counter:counter|ns[17] ; Stuck at GND              ; bit_counter:counter|ps[17]             ;
;                            ; due to stuck port data_in ;                                        ;
; bit_counter:counter|ns[18] ; Stuck at GND              ; bit_counter:counter|ps[18]             ;
;                            ; due to stuck port data_in ;                                        ;
; bit_counter:counter|ns[19] ; Stuck at GND              ; bit_counter:counter|ps[19]             ;
;                            ; due to stuck port data_in ;                                        ;
; bit_counter:counter|ns[20] ; Stuck at GND              ; bit_counter:counter|ps[20]             ;
;                            ; due to stuck port data_in ;                                        ;
; bit_counter:counter|ns[21] ; Stuck at GND              ; bit_counter:counter|ps[21]             ;
;                            ; due to stuck port data_in ;                                        ;
; bit_counter:counter|ns[22] ; Stuck at GND              ; bit_counter:counter|ps[22]             ;
;                            ; due to stuck port data_in ;                                        ;
; bit_counter:counter|ns[23] ; Stuck at GND              ; bit_counter:counter|ps[23]             ;
;                            ; due to stuck port data_in ;                                        ;
; bit_counter:counter|ns[24] ; Stuck at GND              ; bit_counter:counter|ps[24]             ;
;                            ; due to stuck port data_in ;                                        ;
; bit_counter:counter|ns[25] ; Stuck at GND              ; bit_counter:counter|ps[25]             ;
;                            ; due to stuck port data_in ;                                        ;
; bit_counter:counter|ns[26] ; Stuck at GND              ; bit_counter:counter|ps[26]             ;
;                            ; due to stuck port data_in ;                                        ;
; bit_counter:counter|ns[27] ; Stuck at GND              ; bit_counter:counter|ps[27]             ;
;                            ; due to stuck port data_in ;                                        ;
; bit_counter:counter|ns[28] ; Stuck at GND              ; bit_counter:counter|ps[28]             ;
;                            ; due to stuck port data_in ;                                        ;
; bit_counter:counter|ns[29] ; Stuck at GND              ; bit_counter:counter|ps[29]             ;
;                            ; due to stuck port data_in ;                                        ;
; bit_counter:counter|ns[30] ; Stuck at GND              ; bit_counter:counter|ps[30]             ;
;                            ; due to stuck port data_in ;                                        ;
; bit_counter:counter|ns[31] ; Stuck at GND              ; bit_counter:counter|ps[31]             ;
;                            ; due to stuck port data_in ;                                        ;
+----------------------------+---------------------------+----------------------------------------+


+------------------------------------------------------+
; General Register Statistics                          ;
+----------------------------------------------+-------+
; Statistic                                    ; Value ;
+----------------------------------------------+-------+
; Total registers                              ; 16    ;
; Number of registers using Synchronous Clear  ; 0     ;
; Number of registers using Synchronous Load   ; 0     ;
; Number of registers using Asynchronous Clear ; 0     ;
; Number of registers using Asynchronous Load  ; 0     ;
; Number of registers using Clock Enable       ; 7     ;
; Number of registers using Preset             ; 0     ;
+----------------------------------------------+-------+


+-------------------------------------------------------------------------------------------------------------------------------------------------+
; Multiplexer Restructuring Statistics (Restructuring Performed)                                                                                  ;
+--------------------+-----------+---------------+----------------------+------------------------+------------+-----------------------------------+
; Multiplexer Inputs ; Bus Width ; Baseline Area ; Area if Restructured ; Saving if Restructured ; Registered ; Example Multiplexer Output        ;
+--------------------+-----------+---------------+----------------------+------------------------+------------+-----------------------------------+
; 3:1                ; 7 bits    ; 14 LEs        ; 7 LEs                ; 7 LEs                  ; Yes        ; |DE1_SoC|bit_counter:counter|A[7] ;
+--------------------+-----------+---------------+----------------------+------------------------+------------+-----------------------------------+


+-------------------------------------------------------------------------+
; Parameter Settings for User Entity Instance: Top-level Entity: |DE1_SoC ;
+----------------+-------+------------------------------------------------+
; Parameter Name ; Value ; Type                                           ;
+----------------+-------+------------------------------------------------+
; width          ; 8     ; Signed Integer                                 ;
+----------------+-------+------------------------------------------------+
Note: In order to hide this table in the UI and the text report file, please set the "Show Parameter Settings in Synthesis Report" option in "Analysis and Synthesis Settings -> More Settings" to "Off".


+------------------------------------------------------------------+
; Parameter Settings for User Entity Instance: bit_counter:counter ;
+----------------+-------+-----------------------------------------+
; Parameter Name ; Value ; Type                                    ;
+----------------+-------+-----------------------------------------+
; width          ; 8     ; Signed Integer                          ;
+----------------+-------+-----------------------------------------+
Note: In order to hide this table in the UI and the text report file, please set the "Show Parameter Settings in Synthesis Report" option in "Analysis and Synthesis Settings -> More Settings" to "Off".


+-----------------------------------------------------+
; Post-Synthesis Netlist Statistics for Top Partition ;
+-----------------------+-----------------------------+
; Type                  ; Count                       ;
+-----------------------+-----------------------------+
; arriav_ff             ; 16                          ;
;     ENA               ; 7                           ;
;     plain             ; 9                           ;
; arriav_lcell_comb     ; 36                          ;
;     normal            ; 36                          ;
;         0 data inputs ; 2                           ;
;         1 data inputs ; 1                           ;
;         2 data inputs ; 5                           ;
;         3 data inputs ; 5                           ;
;         4 data inputs ; 16                          ;
;         5 data inputs ; 2                           ;
;         6 data inputs ; 5                           ;
; boundary_port         ; 96                          ;
;                       ;                             ;
; Max LUT depth         ; 3.00                        ;
; Average LUT depth     ; 1.73                        ;
+-----------------------+-----------------------------+


+-------------------------------+
; Elapsed Time Per Partition    ;
+----------------+--------------+
; Partition Name ; Elapsed Time ;
+----------------+--------------+
; Top            ; 00:00:01     ;
+----------------+--------------+


+-------------------------------+
; Analysis & Synthesis Messages ;
+-------------------------------+
Info: *******************************************************************
Info: Running Quartus Prime Analysis & Synthesis
    Info: Version 17.0.0 Build 595 04/25/2017 SJ Lite Edition
    Info: Processing started: Sun Feb 27 02:59:18 2022
Info: Command: quartus_map --read_settings_files=on --write_settings_files=off DE1_SoC -c DE1_SoC
Warning (18236): Number of processors has not been specified which may cause overloading on shared machines.  Set the global assignment NUM_PARALLEL_PROCESSORS in your QSF to an appropriate value for best performance.
Info (20030): Parallel compilation is enabled and will use 4 of the 4 processors detected
Info (12021): Found 2 design units, including 2 entities, in source file de1_soc.sv
    Info (12023): Found entity 1: DE1_SoC File: C:/Users/suhey/OneDrive/Desktop/College Knowledge/2022 WI/EE 371/Labs/Lab4/DE1_SoC.sv Line: 8
    Info (12023): Found entity 2: DE1_SoC_testbench File: C:/Users/suhey/OneDrive/Desktop/College Knowledge/2022 WI/EE 371/Labs/Lab4/DE1_SoC.sv Line: 91
Info (12021): Found 2 design units, including 2 entities, in source file clock_divider.sv
    Info (12023): Found entity 1: clock_divider File: C:/Users/suhey/OneDrive/Desktop/College Knowledge/2022 WI/EE 371/Labs/Lab4/clock_divider.sv Line: 12
    Info (12023): Found entity 2: clock_divider_testbench File: C:/Users/suhey/OneDrive/Desktop/College Knowledge/2022 WI/EE 371/Labs/Lab4/clock_divider.sv Line: 25
Info (12021): Found 2 design units, including 2 entities, in source file bit_counter.sv
    Info (12023): Found entity 1: bit_counter File: C:/Users/suhey/OneDrive/Desktop/College Knowledge/2022 WI/EE 371/Labs/Lab4/bit_counter.sv Line: 8
    Info (12023): Found entity 2: bit_counter_testbench File: C:/Users/suhey/OneDrive/Desktop/College Knowledge/2022 WI/EE 371/Labs/Lab4/bit_counter.sv Line: 71
Info (12021): Found 2 design units, including 2 entities, in source file display_hex_value.sv
    Info (12023): Found entity 1: display_hex_value File: C:/Users/suhey/OneDrive/Desktop/College Knowledge/2022 WI/EE 371/Labs/Lab4/display_hex_value.sv Line: 8
    Info (12023): Found entity 2: display_hex_value_testbench File: C:/Users/suhey/OneDrive/Desktop/College Knowledge/2022 WI/EE 371/Labs/Lab4/display_hex_value.sv Line: 37
Info (12021): Found 4 design units, including 4 entities, in source file binary_search.sv
    Info (12023): Found entity 1: binary_search File: C:/Users/suhey/OneDrive/Desktop/College Knowledge/2022 WI/EE 371/Labs/Lab4/binary_search.sv Line: 12
    Info (12023): Found entity 2: binary_search_controller File: C:/Users/suhey/OneDrive/Desktop/College Knowledge/2022 WI/EE 371/Labs/Lab4/binary_search.sv Line: 42
    Info (12023): Found entity 3: binary_search_datapath File: C:/Users/suhey/OneDrive/Desktop/College Knowledge/2022 WI/EE 371/Labs/Lab4/binary_search.sv Line: 102
    Info (12023): Found entity 4: binary_search_testbench File: C:/Users/suhey/OneDrive/Desktop/College Knowledge/2022 WI/EE 371/Labs/Lab4/binary_search.sv Line: 171
Info (12021): Found 1 design units, including 1 entities, in source file ram32x8.v
    Info (12023): Found entity 1: ram32x8 File: C:/Users/suhey/OneDrive/Desktop/College Knowledge/2022 WI/EE 371/Labs/Lab4/ram32x8.v Line: 40
Info (12127): Elaborating entity "DE1_SoC" for the top level hierarchy
Warning (10034): Output port "LEDR[8..0]" at DE1_SoC.sv(12) has no driver File: C:/Users/suhey/OneDrive/Desktop/College Knowledge/2022 WI/EE 371/Labs/Lab4/DE1_SoC.sv Line: 12
Warning (10034): Output port "VGA_R" at DE1_SoC.sv(17) has no driver File: C:/Users/suhey/OneDrive/Desktop/College Knowledge/2022 WI/EE 371/Labs/Lab4/DE1_SoC.sv Line: 17
Warning (10034): Output port "VGA_G" at DE1_SoC.sv(18) has no driver File: C:/Users/suhey/OneDrive/Desktop/College Knowledge/2022 WI/EE 371/Labs/Lab4/DE1_SoC.sv Line: 18
Warning (10034): Output port "VGA_B" at DE1_SoC.sv(19) has no driver File: C:/Users/suhey/OneDrive/Desktop/College Knowledge/2022 WI/EE 371/Labs/Lab4/DE1_SoC.sv Line: 19
Warning (10034): Output port "VGA_BLANK_N" at DE1_SoC.sv(20) has no driver File: C:/Users/suhey/OneDrive/Desktop/College Knowledge/2022 WI/EE 371/Labs/Lab4/DE1_SoC.sv Line: 20
Warning (10034): Output port "VGA_CLK" at DE1_SoC.sv(21) has no driver File: C:/Users/suhey/OneDrive/Desktop/College Knowledge/2022 WI/EE 371/Labs/Lab4/DE1_SoC.sv Line: 21
Warning (10034): Output port "VGA_HS" at DE1_SoC.sv(22) has no driver File: C:/Users/suhey/OneDrive/Desktop/College Knowledge/2022 WI/EE 371/Labs/Lab4/DE1_SoC.sv Line: 22
Warning (10034): Output port "VGA_SYNC_N" at DE1_SoC.sv(23) has no driver File: C:/Users/suhey/OneDrive/Desktop/College Knowledge/2022 WI/EE 371/Labs/Lab4/DE1_SoC.sv Line: 23
Warning (10034): Output port "VGA_VS" at DE1_SoC.sv(24) has no driver File: C:/Users/suhey/OneDrive/Desktop/College Knowledge/2022 WI/EE 371/Labs/Lab4/DE1_SoC.sv Line: 24
Info (12128): Elaborating entity "bit_counter" for hierarchy "bit_counter:counter" File: C:/Users/suhey/OneDrive/Desktop/College Knowledge/2022 WI/EE 371/Labs/Lab4/DE1_SoC.sv Line: 62
Warning (10230): Verilog HDL assignment warning at bit_counter.sv(39): truncated value with size 32 to match size of target (4) File: C:/Users/suhey/OneDrive/Desktop/College Knowledge/2022 WI/EE 371/Labs/Lab4/bit_counter.sv Line: 39
Warning (10230): Verilog HDL assignment warning at bit_counter.sv(59): truncated value with size 32 to match size of target (4) File: C:/Users/suhey/OneDrive/Desktop/College Knowledge/2022 WI/EE 371/Labs/Lab4/bit_counter.sv Line: 59
Info (12128): Elaborating entity "display_hex_value" for hierarchy "display_hex_value:display_1s" File: C:/Users/suhey/OneDrive/Desktop/College Knowledge/2022 WI/EE 371/Labs/Lab4/DE1_SoC.sv Line: 65
Warning (13024): Output pins are stuck at VCC or GND
    Warning (13410): Pin "HEX1[0]" is stuck at VCC File: C:/Users/suhey/OneDrive/Desktop/College Knowledge/2022 WI/EE 371/Labs/Lab4/DE1_SoC.sv Line: 11
    Warning (13410): Pin "HEX1[1]" is stuck at VCC File: C:/Users/suhey/OneDrive/Desktop/College Knowledge/2022 WI/EE 371/Labs/Lab4/DE1_SoC.sv Line: 11
    Warning (13410): Pin "HEX1[2]" is stuck at VCC File: C:/Users/suhey/OneDrive/Desktop/College Knowledge/2022 WI/EE 371/Labs/Lab4/DE1_SoC.sv Line: 11
    Warning (13410): Pin "HEX1[3]" is stuck at VCC File: C:/Users/suhey/OneDrive/Desktop/College Knowledge/2022 WI/EE 371/Labs/Lab4/DE1_SoC.sv Line: 11
    Warning (13410): Pin "HEX1[4]" is stuck at VCC File: C:/Users/suhey/OneDrive/Desktop/College Knowledge/2022 WI/EE 371/Labs/Lab4/DE1_SoC.sv Line: 11
    Warning (13410): Pin "HEX1[5]" is stuck at VCC File: C:/Users/suhey/OneDrive/Desktop/College Knowledge/2022 WI/EE 371/Labs/Lab4/DE1_SoC.sv Line: 11
    Warning (13410): Pin "HEX1[6]" is stuck at VCC File: C:/Users/suhey/OneDrive/Desktop/College Knowledge/2022 WI/EE 371/Labs/Lab4/DE1_SoC.sv Line: 11
    Warning (13410): Pin "HEX2[0]" is stuck at VCC File: C:/Users/suhey/OneDrive/Desktop/College Knowledge/2022 WI/EE 371/Labs/Lab4/DE1_SoC.sv Line: 11
    Warning (13410): Pin "HEX2[1]" is stuck at VCC File: C:/Users/suhey/OneDrive/Desktop/College Knowledge/2022 WI/EE 371/Labs/Lab4/DE1_SoC.sv Line: 11
    Warning (13410): Pin "HEX2[2]" is stuck at VCC File: C:/Users/suhey/OneDrive/Desktop/College Knowledge/2022 WI/EE 371/Labs/Lab4/DE1_SoC.sv Line: 11
    Warning (13410): Pin "HEX2[3]" is stuck at VCC File: C:/Users/suhey/OneDrive/Desktop/College Knowledge/2022 WI/EE 371/Labs/Lab4/DE1_SoC.sv Line: 11
    Warning (13410): Pin "HEX2[4]" is stuck at VCC File: C:/Users/suhey/OneDrive/Desktop/College Knowledge/2022 WI/EE 371/Labs/Lab4/DE1_SoC.sv Line: 11
    Warning (13410): Pin "HEX2[5]" is stuck at VCC File: C:/Users/suhey/OneDrive/Desktop/College Knowledge/2022 WI/EE 371/Labs/Lab4/DE1_SoC.sv Line: 11
    Warning (13410): Pin "HEX2[6]" is stuck at VCC File: C:/Users/suhey/OneDrive/Desktop/College Knowledge/2022 WI/EE 371/Labs/Lab4/DE1_SoC.sv Line: 11
    Warning (13410): Pin "HEX3[0]" is stuck at VCC File: C:/Users/suhey/OneDrive/Desktop/College Knowledge/2022 WI/EE 371/Labs/Lab4/DE1_SoC.sv Line: 11
    Warning (13410): Pin "HEX3[1]" is stuck at VCC File: C:/Users/suhey/OneDrive/Desktop/College Knowledge/2022 WI/EE 371/Labs/Lab4/DE1_SoC.sv Line: 11
    Warning (13410): Pin "HEX3[2]" is stuck at VCC File: C:/Users/suhey/OneDrive/Desktop/College Knowledge/2022 WI/EE 371/Labs/Lab4/DE1_SoC.sv Line: 11
    Warning (13410): Pin "HEX3[3]" is stuck at VCC File: C:/Users/suhey/OneDrive/Desktop/College Knowledge/2022 WI/EE 371/Labs/Lab4/DE1_SoC.sv Line: 11
    Warning (13410): Pin "HEX3[4]" is stuck at VCC File: C:/Users/suhey/OneDrive/Desktop/College Knowledge/2022 WI/EE 371/Labs/Lab4/DE1_SoC.sv Line: 11
    Warning (13410): Pin "HEX3[5]" is stuck at VCC File: C:/Users/suhey/OneDrive/Desktop/College Knowledge/2022 WI/EE 371/Labs/Lab4/DE1_SoC.sv Line: 11
    Warning (13410): Pin "HEX3[6]" is stuck at VCC File: C:/Users/suhey/OneDrive/Desktop/College Knowledge/2022 WI/EE 371/Labs/Lab4/DE1_SoC.sv Line: 11
    Warning (13410): Pin "HEX4[0]" is stuck at VCC File: C:/Users/suhey/OneDrive/Desktop/College Knowledge/2022 WI/EE 371/Labs/Lab4/DE1_SoC.sv Line: 11
    Warning (13410): Pin "HEX4[1]" is stuck at VCC File: C:/Users/suhey/OneDrive/Desktop/College Knowledge/2022 WI/EE 371/Labs/Lab4/DE1_SoC.sv Line: 11
    Warning (13410): Pin "HEX4[2]" is stuck at VCC File: C:/Users/suhey/OneDrive/Desktop/College Knowledge/2022 WI/EE 371/Labs/Lab4/DE1_SoC.sv Line: 11
    Warning (13410): Pin "HEX4[3]" is stuck at VCC File: C:/Users/suhey/OneDrive/Desktop/College Knowledge/2022 WI/EE 371/Labs/Lab4/DE1_SoC.sv Line: 11
    Warning (13410): Pin "HEX4[4]" is stuck at VCC File: C:/Users/suhey/OneDrive/Desktop/College Knowledge/2022 WI/EE 371/Labs/Lab4/DE1_SoC.sv Line: 11
    Warning (13410): Pin "HEX4[5]" is stuck at VCC File: C:/Users/suhey/OneDrive/Desktop/College Knowledge/2022 WI/EE 371/Labs/Lab4/DE1_SoC.sv Line: 11
    Warning (13410): Pin "HEX4[6]" is stuck at VCC File: C:/Users/suhey/OneDrive/Desktop/College Knowledge/2022 WI/EE 371/Labs/Lab4/DE1_SoC.sv Line: 11
    Warning (13410): Pin "HEX5[0]" is stuck at VCC File: C:/Users/suhey/OneDrive/Desktop/College Knowledge/2022 WI/EE 371/Labs/Lab4/DE1_SoC.sv Line: 11
    Warning (13410): Pin "HEX5[1]" is stuck at VCC File: C:/Users/suhey/OneDrive/Desktop/College Knowledge/2022 WI/EE 371/Labs/Lab4/DE1_SoC.sv Line: 11
    Warning (13410): Pin "HEX5[2]" is stuck at VCC File: C:/Users/suhey/OneDrive/Desktop/College Knowledge/2022 WI/EE 371/Labs/Lab4/DE1_SoC.sv Line: 11
    Warning (13410): Pin "HEX5[3]" is stuck at VCC File: C:/Users/suhey/OneDrive/Desktop/College Knowledge/2022 WI/EE 371/Labs/Lab4/DE1_SoC.sv Line: 11
    Warning (13410): Pin "HEX5[4]" is stuck at VCC File: C:/Users/suhey/OneDrive/Desktop/College Knowledge/2022 WI/EE 371/Labs/Lab4/DE1_SoC.sv Line: 11
    Warning (13410): Pin "HEX5[5]" is stuck at VCC File: C:/Users/suhey/OneDrive/Desktop/College Knowledge/2022 WI/EE 371/Labs/Lab4/DE1_SoC.sv Line: 11
    Warning (13410): Pin "HEX5[6]" is stuck at VCC File: C:/Users/suhey/OneDrive/Desktop/College Knowledge/2022 WI/EE 371/Labs/Lab4/DE1_SoC.sv Line: 11
    Warning (13410): Pin "LEDR[0]" is stuck at GND File: C:/Users/suhey/OneDrive/Desktop/College Knowledge/2022 WI/EE 371/Labs/Lab4/DE1_SoC.sv Line: 12
    Warning (13410): Pin "LEDR[1]" is stuck at GND File: C:/Users/suhey/OneDrive/Desktop/College Knowledge/2022 WI/EE 371/Labs/Lab4/DE1_SoC.sv Line: 12
    Warning (13410): Pin "LEDR[2]" is stuck at GND File: C:/Users/suhey/OneDrive/Desktop/College Knowledge/2022 WI/EE 371/Labs/Lab4/DE1_SoC.sv Line: 12
    Warning (13410): Pin "LEDR[3]" is stuck at GND File: C:/Users/suhey/OneDrive/Desktop/College Knowledge/2022 WI/EE 371/Labs/Lab4/DE1_SoC.sv Line: 12
    Warning (13410): Pin "LEDR[4]" is stuck at GND File: C:/Users/suhey/OneDrive/Desktop/College Knowledge/2022 WI/EE 371/Labs/Lab4/DE1_SoC.sv Line: 12
    Warning (13410): Pin "LEDR[5]" is stuck at GND File: C:/Users/suhey/OneDrive/Desktop/College Knowledge/2022 WI/EE 371/Labs/Lab4/DE1_SoC.sv Line: 12
    Warning (13410): Pin "LEDR[6]" is stuck at GND File: C:/Users/suhey/OneDrive/Desktop/College Knowledge/2022 WI/EE 371/Labs/Lab4/DE1_SoC.sv Line: 12
    Warning (13410): Pin "LEDR[7]" is stuck at GND File: C:/Users/suhey/OneDrive/Desktop/College Knowledge/2022 WI/EE 371/Labs/Lab4/DE1_SoC.sv Line: 12
    Warning (13410): Pin "LEDR[8]" is stuck at GND File: C:/Users/suhey/OneDrive/Desktop/College Knowledge/2022 WI/EE 371/Labs/Lab4/DE1_SoC.sv Line: 12
    Warning (13410): Pin "VGA_R[0]" is stuck at GND File: C:/Users/suhey/OneDrive/Desktop/College Knowledge/2022 WI/EE 371/Labs/Lab4/DE1_SoC.sv Line: 17
    Warning (13410): Pin "VGA_R[1]" is stuck at GND File: C:/Users/suhey/OneDrive/Desktop/College Knowledge/2022 WI/EE 371/Labs/Lab4/DE1_SoC.sv Line: 17
    Warning (13410): Pin "VGA_R[2]" is stuck at GND File: C:/Users/suhey/OneDrive/Desktop/College Knowledge/2022 WI/EE 371/Labs/Lab4/DE1_SoC.sv Line: 17
    Warning (13410): Pin "VGA_R[3]" is stuck at GND File: C:/Users/suhey/OneDrive/Desktop/College Knowledge/2022 WI/EE 371/Labs/Lab4/DE1_SoC.sv Line: 17
    Warning (13410): Pin "VGA_R[4]" is stuck at GND File: C:/Users/suhey/OneDrive/Desktop/College Knowledge/2022 WI/EE 371/Labs/Lab4/DE1_SoC.sv Line: 17
    Warning (13410): Pin "VGA_R[5]" is stuck at GND File: C:/Users/suhey/OneDrive/Desktop/College Knowledge/2022 WI/EE 371/Labs/Lab4/DE1_SoC.sv Line: 17
    Warning (13410): Pin "VGA_R[6]" is stuck at GND File: C:/Users/suhey/OneDrive/Desktop/College Knowledge/2022 WI/EE 371/Labs/Lab4/DE1_SoC.sv Line: 17
    Warning (13410): Pin "VGA_R[7]" is stuck at GND File: C:/Users/suhey/OneDrive/Desktop/College Knowledge/2022 WI/EE 371/Labs/Lab4/DE1_SoC.sv Line: 17
    Warning (13410): Pin "VGA_G[0]" is stuck at GND File: C:/Users/suhey/OneDrive/Desktop/College Knowledge/2022 WI/EE 371/Labs/Lab4/DE1_SoC.sv Line: 18
    Warning (13410): Pin "VGA_G[1]" is stuck at GND File: C:/Users/suhey/OneDrive/Desktop/College Knowledge/2022 WI/EE 371/Labs/Lab4/DE1_SoC.sv Line: 18
    Warning (13410): Pin "VGA_G[2]" is stuck at GND File: C:/Users/suhey/OneDrive/Desktop/College Knowledge/2022 WI/EE 371/Labs/Lab4/DE1_SoC.sv Line: 18
    Warning (13410): Pin "VGA_G[3]" is stuck at GND File: C:/Users/suhey/OneDrive/Desktop/College Knowledge/2022 WI/EE 371/Labs/Lab4/DE1_SoC.sv Line: 18
    Warning (13410): Pin "VGA_G[4]" is stuck at GND File: C:/Users/suhey/OneDrive/Desktop/College Knowledge/2022 WI/EE 371/Labs/Lab4/DE1_SoC.sv Line: 18
    Warning (13410): Pin "VGA_G[5]" is stuck at GND File: C:/Users/suhey/OneDrive/Desktop/College Knowledge/2022 WI/EE 371/Labs/Lab4/DE1_SoC.sv Line: 18
    Warning (13410): Pin "VGA_G[6]" is stuck at GND File: C:/Users/suhey/OneDrive/Desktop/College Knowledge/2022 WI/EE 371/Labs/Lab4/DE1_SoC.sv Line: 18
    Warning (13410): Pin "VGA_G[7]" is stuck at GND File: C:/Users/suhey/OneDrive/Desktop/College Knowledge/2022 WI/EE 371/Labs/Lab4/DE1_SoC.sv Line: 18
    Warning (13410): Pin "VGA_B[0]" is stuck at GND File: C:/Users/suhey/OneDrive/Desktop/College Knowledge/2022 WI/EE 371/Labs/Lab4/DE1_SoC.sv Line: 19
    Warning (13410): Pin "VGA_B[1]" is stuck at GND File: C:/Users/suhey/OneDrive/Desktop/College Knowledge/2022 WI/EE 371/Labs/Lab4/DE1_SoC.sv Line: 19
    Warning (13410): Pin "VGA_B[2]" is stuck at GND File: C:/Users/suhey/OneDrive/Desktop/College Knowledge/2022 WI/EE 371/Labs/Lab4/DE1_SoC.sv Line: 19
    Warning (13410): Pin "VGA_B[3]" is stuck at GND File: C:/Users/suhey/OneDrive/Desktop/College Knowledge/2022 WI/EE 371/Labs/Lab4/DE1_SoC.sv Line: 19
    Warning (13410): Pin "VGA_B[4]" is stuck at GND File: C:/Users/suhey/OneDrive/Desktop/College Knowledge/2022 WI/EE 371/Labs/Lab4/DE1_SoC.sv Line: 19
    Warning (13410): Pin "VGA_B[5]" is stuck at GND File: C:/Users/suhey/OneDrive/Desktop/College Knowledge/2022 WI/EE 371/Labs/Lab4/DE1_SoC.sv Line: 19
    Warning (13410): Pin "VGA_B[6]" is stuck at GND File: C:/Users/suhey/OneDrive/Desktop/College Knowledge/2022 WI/EE 371/Labs/Lab4/DE1_SoC.sv Line: 19
    Warning (13410): Pin "VGA_B[7]" is stuck at GND File: C:/Users/suhey/OneDrive/Desktop/College Knowledge/2022 WI/EE 371/Labs/Lab4/DE1_SoC.sv Line: 19
    Warning (13410): Pin "VGA_BLANK_N" is stuck at GND File: C:/Users/suhey/OneDrive/Desktop/College Knowledge/2022 WI/EE 371/Labs/Lab4/DE1_SoC.sv Line: 20
    Warning (13410): Pin "VGA_CLK" is stuck at GND File: C:/Users/suhey/OneDrive/Desktop/College Knowledge/2022 WI/EE 371/Labs/Lab4/DE1_SoC.sv Line: 21
    Warning (13410): Pin "VGA_HS" is stuck at GND File: C:/Users/suhey/OneDrive/Desktop/College Knowledge/2022 WI/EE 371/Labs/Lab4/DE1_SoC.sv Line: 22
    Warning (13410): Pin "VGA_SYNC_N" is stuck at GND File: C:/Users/suhey/OneDrive/Desktop/College Knowledge/2022 WI/EE 371/Labs/Lab4/DE1_SoC.sv Line: 23
    Warning (13410): Pin "VGA_VS" is stuck at GND File: C:/Users/suhey/OneDrive/Desktop/College Knowledge/2022 WI/EE 371/Labs/Lab4/DE1_SoC.sv Line: 24
Info (286030): Timing-Driven Synthesis is running
Info (144001): Generated suppressed messages file C:/Users/suhey/OneDrive/Desktop/College Knowledge/2022 WI/EE 371/Labs/Lab4/DE1_SoC.map.smsg
Info (16010): Generating hard_block partition "hard_block:auto_generated_inst"
    Info (16011): Adding 0 node(s), including 0 DDIO, 0 PLL, 0 transceiver and 0 LCELL
Warning (21074): Design contains 4 input pin(s) that do not drive logic
    Warning (15610): No output dependent on input pin "KEY[1]" File: C:/Users/suhey/OneDrive/Desktop/College Knowledge/2022 WI/EE 371/Labs/Lab4/DE1_SoC.sv Line: 13
    Warning (15610): No output dependent on input pin "KEY[2]" File: C:/Users/suhey/OneDrive/Desktop/College Knowledge/2022 WI/EE 371/Labs/Lab4/DE1_SoC.sv Line: 13
    Warning (15610): No output dependent on input pin "KEY[3]" File: C:/Users/suhey/OneDrive/Desktop/College Knowledge/2022 WI/EE 371/Labs/Lab4/DE1_SoC.sv Line: 13
    Warning (15610): No output dependent on input pin "SW[8]" File: C:/Users/suhey/OneDrive/Desktop/College Knowledge/2022 WI/EE 371/Labs/Lab4/DE1_SoC.sv Line: 14
Info (21057): Implemented 129 device resources after synthesis - the final resource count might be different
    Info (21058): Implemented 15 input pins
    Info (21059): Implemented 81 output pins
    Info (21061): Implemented 33 logic cells
Info: Quartus Prime Analysis & Synthesis was successful. 0 errors, 91 warnings
    Info: Peak virtual memory: 4820 megabytes
    Info: Processing ended: Sun Feb 27 02:59:40 2022
    Info: Elapsed time: 00:00:22
    Info: Total CPU time (on all processors): 00:00:47


+------------------------------------------+
; Analysis & Synthesis Suppressed Messages ;
+------------------------------------------+
The suppressed messages can be found in C:/Users/suhey/OneDrive/Desktop/College Knowledge/2022 WI/EE 371/Labs/Lab4/DE1_SoC.map.smsg.


